<?xml version="1.0" encoding="UTF-8"?>
<testsuite xmlns:xsi="http://www.w3.org/2001/XMLSchema-instance" xsi:noNamespaceSchemaLocation="https://maven.apache.org/surefire/maven-surefire-plugin/xsd/surefire-test-report.xsd" name="com.los.lastwarrior.warrior.DisciplineTest" time="0.025" tests="20" errors="0" skipped="0" failures="0">
  <properties>
[...]
</properties>
  <testcase name="getEndurance" classname="com.los.lastwarrior.warrior.DisciplineTest" time="0.002"/>
  <testcase name="getDefense" classname="com.los.lastwarrior.warrior.DisciplineTest" time="0"/>
  <testcase name="getImagePath" classname="com.los.lastwarrior.warrior.DisciplineTest" time="0.001"/>
  <testcase name="setHistory" classname="com.los.lastwarrior.warrior.DisciplineTest" time="0"/>
  <testcase name="getEvasion" classname="com.los.lastwarrior.warrior.DisciplineTest" time="0.001"/>
  <testcase name="setEndurance" classname="com.los.lastwarrior.warrior.DisciplineTest" time="0"/>
  <testcase name="setAccuracy" classname="com.los.lastwarrior.warrior.DisciplineTest" time="0"/>
  <testcase name="getAccuracy" classname="com.los.lastwarrior.warrior.DisciplineTest" time="0"/>
  <testcase name="getDiscipline" classname="com.los.lastwarrior.warrior.DisciplineTest" time="0"/>
  <testcase name="getHp" classname="com.los.lastwarrior.warrior.DisciplineTest" time="0"/>
  <testcase name="setHp" classname="com.los.lastwarrior.warrior.DisciplineTest" time="0.001"/>
  <testcase name="setDefense" classname="com.los.lastwarrior.warrior.DisciplineTest" time="0.001"/>
  <testcase name="setImagePath" classname="com.los.lastwarrior.warrior.DisciplineTest" time="0.001"/>
  <testcase name="setDiscipline" classname="com.los.lastwarrior.warrior.DisciplineTest" time="0.001"/>
  <testcase name="setPower" classname="com.los.lastwarrior.warrior.DisciplineTest" time="0"/>
  <testcase name="setSpeed" classname="com.los.lastwarrior.warrior.DisciplineTest" time="0.001"/>
  <testcase name="setEvasion" classname="com.los.lastwarrior.warrior.DisciplineTest" time="0.001"/>
  <testcase name="getPower" classname="com.los.lastwarrior.warrior.DisciplineTest" time="0"/>
  <testcase name="getHistory" classname="com.los.lastwarrior.warrior.DisciplineTest" time="0"/>
  <testcase name="getSpeed" classname="com.los.lastwarrior.warrior.DisciplineTest" time="0"/>
</testsuite>